Сборка начата 19.10.2021 11:42:08.
Уровень детализации журнала: Normal.     1>Проект "D:\study\3course\OS\FifthLab\OS05_01\OS05_01\OS05_01.vcxproj" в узле 2 (целевые объекты Build).
     1>InitializeBuildStatus:
         Создание "x64\Debug\OS05_01.tlog\unsuccessfulbuild", так как было задано "AlwaysCreate".
       ClCompile:
         C:\Program Files (x86)\Microsoft Visual Studio\2019\Enterprise\VC\Tools\MSVC\14.28.29333\bin\HostX86\x64\CL.exe /c /ZI /JMC /nologo /W3 /WX- /diagnostics:column /sdl /Od /D _DEBUG /D _CONSOLE /D _UNICODE /D UNICODE /Gm- /EHsc /RTC1 /MDd /GS /fp:precise /permissive- /Zc:wchar_t /Zc:forScope /Zc:inline /Fo"x64\Debug\\" /Fd"x64\Debug\vc142.pdb" /Gd /TP /FC /errorReport:prompt OS05_01.cpp
         OS05_01.cpp
     1>D:\study\3course\OS\FifthLab\OS05_01\OS05_01\OS05_01.cpp(24,17): warning C4244: инициализация: преобразование "DWORD_PTR" в "int", возможна потеря данных
       Link:
         C:\Program Files (x86)\Microsoft Visual Studio\2019\Enterprise\VC\Tools\MSVC\14.28.29333\bin\HostX86\x64\link.exe /ERRORREPORT:PROMPT /OUT:"D:\study\3course\OS\FifthLab\OS05_01\x64\Debug\OS05_01.exe" /INCREMENTAL /NOLOGO kernel32.lib user32.lib gdi32.lib winspool.lib comdlg32.lib advapi32.lib shell32.lib ole32.lib oleaut32.lib uuid.lib odbc32.lib odbccp32.lib /MANIFEST /MANIFESTUAC:"level='asInvoker' uiAccess='false'" /manifest:embed /DEBUG:FASTLINK /PDB:"D:\study\3course\OS\FifthLab\OS05_01\x64\Debug\OS05_01.pdb" /SUBSYSTEM:CONSOLE /TLBID:1 /DYNAMICBASE /NXCOMPAT /IMPLIB:"D:\study\3course\OS\FifthLab\OS05_01\x64\Debug\OS05_01.lib" /MACHINE:X64 x64\Debug\OS05_01.obj
         OS05_01.vcxproj -> D:\study\3course\OS\FifthLab\OS05_01\x64\Debug\OS05_01.exe
       FinalizeBuildStatus:
         Файл "x64\Debug\OS05_01.tlog\unsuccessfulbuild" удаляется.
         Обращение к "x64\Debug\OS05_01.tlog\OS05_01.lastbuildstate".
     1>Сборка проекта "D:\study\3course\OS\FifthLab\OS05_01\OS05_01\OS05_01.vcxproj" завершена (целевые объекты Build).

Сборка успешно завершена.

       "D:\study\3course\OS\FifthLab\OS05_01\OS05_01\OS05_01.vcxproj" (целевой объект Build ) (1) ->
       (Целевой объект ClCompile) -> 
         D:\study\3course\OS\FifthLab\OS05_01\OS05_01\OS05_01.cpp(24,17): warning C4244: инициализация: преобразование "DWORD_PTR" в "int", возможна потеря данных

    Предупреждений: 1
    Ошибок: 0

Прошло времени 00:00:03.00
