Сборка начата 27.11.2021 17:46:46.
Уровень детализации журнала: Normal.     1>Проект "D:\study\3course\OS\EightsLab\OS08_04\OS08_04\OS08_04.vcxproj" в узле 2 (целевые объекты Build).
     1>PrepareForBuild:
         Создание каталога "D:\study\3course\OS\EightsLab\OS08_04\Debug\".
         Создание каталога "Debug\OS08_04.tlog\".
       InitializeBuildStatus:
         Создание "Debug\OS08_04.tlog\unsuccessfulbuild", так как было задано "AlwaysCreate".
       ClCompile:
         C:\Program Files (x86)\Microsoft Visual Studio\2019\Enterprise\VC\Tools\MSVC\14.28.29333\bin\HostX86\x86\CL.exe /c /ZI /JMC /nologo /W3 /WX- /diagnostics:column /sdl /Od /Oy- /D WIN32 /D _DEBUG /D _CONSOLE /D _UNICODE /D UNICODE /Gm- /EHsc /RTC1 /MDd /GS /fp:precise /permissive- /Zc:wchar_t /Zc:forScope /Zc:inline /Fo"Debug\\" /Fd"Debug\vc142.pdb" /Gd /TP /analyze- /FC /errorReport:prompt OS08_04.cpp
         OS08_04.cpp
       Link:
         C:\Program Files (x86)\Microsoft Visual Studio\2019\Enterprise\VC\Tools\MSVC\14.28.29333\bin\HostX86\x86\link.exe /ERRORREPORT:PROMPT /OUT:"D:\study\3course\OS\EightsLab\OS08_04\Debug\OS08_04.exe" /INCREMENTAL /NOLOGO kernel32.lib user32.lib gdi32.lib winspool.lib comdlg32.lib advapi32.lib shell32.lib ole32.lib oleaut32.lib uuid.lib odbc32.lib odbccp32.lib /MANIFEST /MANIFESTUAC:"level='asInvoker' uiAccess='false'" /manifest:embed /DEBUG:FASTLINK /PDB:"D:\study\3course\OS\EightsLab\OS08_04\Debug\OS08_04.pdb" /SUBSYSTEM:CONSOLE /TLBID:1 /DYNAMICBASE /NXCOMPAT /IMPLIB:"D:\study\3course\OS\EightsLab\OS08_04\Debug\OS08_04.lib" /MACHINE:X86 Debug\OS08_04.obj
         OS08_04.vcxproj -> D:\study\3course\OS\EightsLab\OS08_04\Debug\OS08_04.exe
       FinalizeBuildStatus:
         Файл "Debug\OS08_04.tlog\unsuccessfulbuild" удаляется.
         Обращение к "Debug\OS08_04.tlog\OS08_04.lastbuildstate".
     1>Сборка проекта "D:\study\3course\OS\EightsLab\OS08_04\OS08_04\OS08_04.vcxproj" завершена (целевые объекты Build).

Сборка успешно завершена.
    Предупреждений: 0
    Ошибок: 0

Прошло времени 00:00:01.17
