Сборка начата 02.10.2021 20:02:52.
Уровень детализации журнала: Normal.     1>Проект "D:\study\3course\OS\FourthLab\OS04_03\OS04_03\OS04_03.vcxproj" в узле 2 (целевые объекты Build).
     1>PrepareForBuild:
         Создание каталога "D:\study\3course\OS\FourthLab\OS04_03\Debug\".
         Создание каталога "Debug\OS04_03.tlog\".
       InitializeBuildStatus:
         Создание "Debug\OS04_03.tlog\unsuccessfulbuild", так как было задано "AlwaysCreate".
       ClCompile:
         C:\Program Files (x86)\Microsoft Visual Studio\2019\Enterprise\VC\Tools\MSVC\14.28.29333\bin\HostX86\x86\CL.exe /c /ZI /JMC /nologo /W3 /WX- /diagnostics:column /sdl /Od /Oy- /D WIN32 /D _DEBUG /D _CONSOLE /D _UNICODE /D UNICODE /Gm- /EHsc /RTC1 /MDd /GS /fp:precise /permissive- /Zc:wchar_t /Zc:forScope /Zc:inline /Fo"Debug\\" /Fd"Debug\vc142.pdb" /Gd /TP /analyze- /FC /errorReport:prompt OS04_03.cpp
         OS04_03.cpp
       Link:
         C:\Program Files (x86)\Microsoft Visual Studio\2019\Enterprise\VC\Tools\MSVC\14.28.29333\bin\HostX86\x86\link.exe /ERRORREPORT:PROMPT /OUT:"D:\study\3course\OS\FourthLab\OS04_03\Debug\OS04_03.exe" /INCREMENTAL /NOLOGO kernel32.lib user32.lib gdi32.lib winspool.lib comdlg32.lib advapi32.lib shell32.lib ole32.lib oleaut32.lib uuid.lib odbc32.lib odbccp32.lib /MANIFEST /MANIFESTUAC:"level='asInvoker' uiAccess='false'" /manifest:embed /DEBUG:FASTLINK /PDB:"D:\study\3course\OS\FourthLab\OS04_03\Debug\OS04_03.pdb" /SUBSYSTEM:CONSOLE /TLBID:1 /DYNAMICBASE /NXCOMPAT /IMPLIB:"D:\study\3course\OS\FourthLab\OS04_03\Debug\OS04_03.lib" /MACHINE:X86 Debug\OS04_03.obj
         OS04_03.vcxproj -> D:\study\3course\OS\FourthLab\OS04_03\Debug\OS04_03.exe
       FinalizeBuildStatus:
         Файл "Debug\OS04_03.tlog\unsuccessfulbuild" удаляется.
         Обращение к "Debug\OS04_03.tlog\OS04_03.lastbuildstate".
     1>Сборка проекта "D:\study\3course\OS\FourthLab\OS04_03\OS04_03\OS04_03.vcxproj" завершена (целевые объекты Build).

Сборка успешно завершена.
    Предупреждений: 0
    Ошибок: 0

Прошло времени 00:00:01.76
