Сборка начата 26.09.2021 12:41:11.
Уровень детализации журнала: Normal.     1>Проект "D:\study\3course\OS\ThirdLab\OS03_02_1\OS03_02_1\OS03_02_1.vcxproj" в узле 2 (целевые объекты Rebuild).
     1>_PrepareForClean:
         Файл "Release\OS03_02_1.tlog\OS03_02_1.lastbuildstate" удаляется.
       InitializeBuildStatus:
         Создание "Release\OS03_02_1.tlog\unsuccessfulbuild", так как было задано "AlwaysCreate".
       ClCompile:
         C:\Program Files (x86)\Microsoft Visual Studio\2019\Enterprise\VC\Tools\MSVC\14.28.29333\bin\HostX86\x86\CL.exe /c /Zi /nologo /W3 /WX- /diagnostics:column /sdl /O2 /Oi /Oy- /GL /D WIN32 /D NDEBUG /D _CONSOLE /D _UNICODE /D UNICODE /Gm- /EHsc /MD /GS /Gy /fp:precise /permissive- /Zc:wchar_t /Zc:forScope /Zc:inline /Fo"Release\\" /Fd"Release\vc142.pdb" /Gd /TP /analyze- /FC /errorReport:prompt OS03_02_1.cpp
         OS03_02_1.cpp
       Link:
         C:\Program Files (x86)\Microsoft Visual Studio\2019\Enterprise\VC\Tools\MSVC\14.28.29333\bin\HostX86\x86\link.exe /ERRORREPORT:PROMPT /OUT:"D:\study\3course\OS\ThirdLab\OS03_02_1\Release\OS03_02_1.exe" /INCREMENTAL:NO /NOLOGO kernel32.lib user32.lib gdi32.lib winspool.lib comdlg32.lib advapi32.lib shell32.lib ole32.lib oleaut32.lib uuid.lib odbc32.lib odbccp32.lib /MANIFEST /MANIFESTUAC:"level='asInvoker' uiAccess='false'" /manifest:embed /DEBUG /PDB:"D:\study\3course\OS\ThirdLab\OS03_02_1\Release\OS03_02_1.pdb" /SUBSYSTEM:CONSOLE /OPT:REF /OPT:ICF /LTCG:incremental /TLBID:1 /DYNAMICBASE /NXCOMPAT /IMPLIB:"D:\study\3course\OS\ThirdLab\OS03_02_1\Release\OS03_02_1.lib" /MACHINE:X86 /SAFESEH Release\OS03_02_1.obj
         Создание кода
         Previous IPDB not found, fall back to full compilation.
         All 11 functions were compiled because no usable IPDB/IOBJ from previous compilation was found.
         Создание кода завершено
         OS03_02_1.vcxproj -> D:\study\3course\OS\ThirdLab\OS03_02_1\Release\OS03_02_1.exe
       FinalizeBuildStatus:
         Файл "Release\OS03_02_1.tlog\unsuccessfulbuild" удаляется.
         Обращение к "Release\OS03_02_1.tlog\OS03_02_1.lastbuildstate".
     1>Сборка проекта "D:\study\3course\OS\ThirdLab\OS03_02_1\OS03_02_1\OS03_02_1.vcxproj" завершена (целевые объекты Rebuild).

Сборка успешно завершена.
    Предупреждений: 0
    Ошибок: 0

Прошло времени 00:00:01.36
