Сборка начата 19.11.2021 23:23:22.
Уровень детализации журнала: Normal.     1>Проект "D:\study\3course\OS\SeventhLab\OS07_03B\OS07_03B\OS07_03B.vcxproj" в узле 2 (целевые объекты Rebuild).
     1>_PrepareForClean:
         Файл "Debug\OS07_03B.tlog\OS07_03B.lastbuildstate" удаляется.
       InitializeBuildStatus:
         Создание "Debug\OS07_03B.tlog\unsuccessfulbuild", так как было задано "AlwaysCreate".
       ClCompile:
         C:\Program Files (x86)\Microsoft Visual Studio\2019\Enterprise\VC\Tools\MSVC\14.28.29333\bin\HostX86\x86\CL.exe /c /ZI /JMC /nologo /W3 /WX- /diagnostics:column /sdl /Od /Oy- /D WIN32 /D _DEBUG /D _CONSOLE /D _UNICODE /D UNICODE /Gm- /EHsc /RTC1 /MDd /GS /fp:precise /permissive- /Zc:wchar_t /Zc:forScope /Zc:inline /Fo"Debug\\" /Fd"Debug\vc142.pdb" /Gd /TP /analyze- /FC /errorReport:prompt OS07_03B.cpp
         OS07_03B.cpp
       Link:
         C:\Program Files (x86)\Microsoft Visual Studio\2019\Enterprise\VC\Tools\MSVC\14.28.29333\bin\HostX86\x86\link.exe /ERRORREPORT:PROMPT /OUT:"D:\study\3course\OS\SeventhLab\OS07_03B\Debug\OS07_03B.exe" /INCREMENTAL /NOLOGO kernel32.lib user32.lib gdi32.lib winspool.lib comdlg32.lib advapi32.lib shell32.lib ole32.lib oleaut32.lib uuid.lib odbc32.lib odbccp32.lib /MANIFEST /MANIFESTUAC:"level='asInvoker' uiAccess='false'" /manifest:embed /DEBUG:FASTLINK /PDB:"D:\study\3course\OS\SeventhLab\OS07_03B\Debug\OS07_03B.pdb" /SUBSYSTEM:CONSOLE /TLBID:1 /DYNAMICBASE /NXCOMPAT /IMPLIB:"D:\study\3course\OS\SeventhLab\OS07_03B\Debug\OS07_03B.lib" /MACHINE:X86 Debug\OS07_03B.obj
         OS07_03B.vcxproj -> D:\study\3course\OS\SeventhLab\OS07_03B\Debug\OS07_03B.exe
       FinalizeBuildStatus:
         Файл "Debug\OS07_03B.tlog\unsuccessfulbuild" удаляется.
         Обращение к "Debug\OS07_03B.tlog\OS07_03B.lastbuildstate".
     1>Сборка проекта "D:\study\3course\OS\SeventhLab\OS07_03B\OS07_03B\OS07_03B.vcxproj" завершена (целевые объекты Rebuild).

Сборка успешно завершена.
    Предупреждений: 0
    Ошибок: 0

Прошло времени 00:00:01.50
